{"path":"/api/v1/scraper/trigger/historical","error":"(sqlalchemy.dialects.postgresql.asyncpg.Error) <class 'asyncpg.exceptions.DataError'>: invalid input for query argument $12: b'{}' ('bytes' object has no attribute 'encode')\n[SQL: INSERT INTO gse.scrape_jobs (job_id, job_type, status, target_date, total_pages, total_records, records_inserted, records_updated, records_skipped, error_message, error_stack, metadata, started_at, completed_at) VALUES ($1::UUID, $2::VARCHAR, $3::gse.scrapestatus, $4::DATE, $5::INTEGER, $6::INTEGER, $7::INTEGER, $8::INTEGER, $9::INTEGER, $10::VARCHAR, $11::VARCHAR, $12::JSONB, $13::TIMESTAMP WITH TIME ZONE, $14::TIMESTAMP WITH TIME ZONE) RETURNING gse.scrape_jobs.id, gse.scrape_jobs.created_at]\n[parameters: (UUID('d45955a3-eac3-49e2-a037-f61523020e8e'), 'historical', 'RUNNING', datetime.date(2026, 3, 13), 0, 0, 0, 0, 0, None, None, b'{}', datetime.datetime(2026, 3, 16, 1, 4, 40, 988324, tzinfo=datetime.timezone.utc), None)]\n(Background on this error at: https://sqlalche.me/e/20/dbapi)","exc_info":true,"event":"unhandled_exception","level":"error","logger":"app.main","timestamp":"2026-03-16T01:04:41.758607Z"}
{"error":"Server disconnected","exc_info":true,"event":"pipeline_failed","level":"error","logger":"app.scraper.pipeline","timestamp":"2026-03-16T01:20:21.167456Z"}
{"path":"/api/v1/scraper/trigger/historical","error":"Server disconnected","exc_info":true,"event":"unhandled_exception","level":"error","logger":"app.main","timestamp":"2026-03-16T01:20:21.748492Z"}
{"error":"Client error '403 Forbidden' for url 'https://gse.com.gh/wp-admin/admin-ajax.php'\nFor more information check: https://developer.mozilla.org/en-US/docs/Web/HTTP/Status/403","exc_info":true,"event":"pipeline_failed","level":"error","logger":"app.scraper.pipeline","timestamp":"2026-03-16T02:27:05.702077Z"}
{"path":"/api/v1/scraper/trigger/historical","error":"Client error '403 Forbidden' for url 'https://gse.com.gh/wp-admin/admin-ajax.php'\nFor more information check: https://developer.mozilla.org/en-US/docs/Web/HTTP/Status/403","exc_info":true,"event":"unhandled_exception","level":"error","logger":"app.main","timestamp":"2026-03-16T02:27:05.924128Z"}
{"error":"Client error '403 Forbidden' for url 'https://gse.com.gh/wp-admin/admin-ajax.php'\nFor more information check: https://developer.mozilla.org/en-US/docs/Web/HTTP/Status/403","exc_info":true,"event":"pipeline_failed","level":"error","logger":"app.scraper.pipeline","timestamp":"2026-03-16T02:34:41.226708Z"}
{"path":"/api/v1/scraper/trigger/historical","error":"Client error '403 Forbidden' for url 'https://gse.com.gh/wp-admin/admin-ajax.php'\nFor more information check: https://developer.mozilla.org/en-US/docs/Web/HTTP/Status/403","exc_info":true,"event":"unhandled_exception","level":"error","logger":"app.main","timestamp":"2026-03-16T02:34:41.245973Z"}
{"error":"Client error '403 Forbidden' for url 'https://gse.com.gh/wp-admin/admin-ajax.php'\nFor more information check: https://developer.mozilla.org/en-US/docs/Web/HTTP/Status/403","exc_info":true,"event":"pipeline_failed","level":"error","logger":"app.scraper.pipeline","timestamp":"2026-03-16T02:59:28.181091Z"}
{"path":"/api/v1/scraper/trigger/historical","error":"Client error '403 Forbidden' for url 'https://gse.com.gh/wp-admin/admin-ajax.php'\nFor more information check: https://developer.mozilla.org/en-US/docs/Web/HTTP/Status/403","exc_info":true,"event":"unhandled_exception","level":"error","logger":"app.main","timestamp":"2026-03-16T02:59:28.200387Z"}
{"error":"Page.goto: Timeout 60000ms exceeded.\nCall log:\n  - navigating to \"https://gse.com.gh/market-data/\", waiting until \"networkidle\"\n","exc_info":true,"event":"pipeline_failed","level":"error","logger":"app.scraper.pipeline","timestamp":"2026-03-16T03:17:15.732016Z"}
{"path":"/api/v1/scraper/trigger/historical","error":"Page.goto: Timeout 60000ms exceeded.\nCall log:\n  - navigating to \"https://gse.com.gh/market-data/\", waiting until \"networkidle\"\n","exc_info":true,"event":"unhandled_exception","level":"error","logger":"app.main","timestamp":"2026-03-16T03:17:15.764412Z"}
{"error":"Page.evaluate: SyntaxError: Unexpected token '<', \"<!DOCTYPE \"... is not valid JSON","exc_info":true,"event":"pipeline_failed","level":"error","logger":"app.scraper.pipeline","timestamp":"2026-03-16T03:22:01.137593Z"}
{"path":"/api/v1/scraper/trigger/historical","error":"Page.evaluate: SyntaxError: Unexpected token '<', \"<!DOCTYPE \"... is not valid JSON","exc_info":true,"event":"unhandled_exception","level":"error","logger":"app.main","timestamp":"2026-03-16T03:22:01.157047Z"}
{"error":"","exc_info":true,"event":"pipeline_failed","level":"error","logger":"app.scraper.pipeline","timestamp":"2026-03-16T03:29:54.236212Z"}
{"path":"/api/v1/scraper/trigger/historical","error":"","exc_info":true,"event":"unhandled_exception","level":"error","logger":"app.main","timestamp":"2026-03-16T03:29:54.722058Z"}
{"response":"{}","event":"browser_first_page_no_data","level":"error","logger":"app.scraper.browser_scraper","timestamp":"2026-03-16T03:32:38.358267Z"}
{"error":"Browser scraper got no data from admin-ajax.php. Cloudflare may still be blocking. Response: {}","exc_info":true,"event":"pipeline_failed","level":"error","logger":"app.scraper.pipeline","timestamp":"2026-03-16T03:32:38.463110Z"}
{"path":"/api/v1/scraper/trigger/historical","error":"Browser scraper got no data from admin-ajax.php. Cloudflare may still be blocking. Response: {}","exc_info":true,"event":"unhandled_exception","level":"error","logger":"app.main","timestamp":"2026-03-16T03:32:38.480915Z"}
{"response":"{}","event":"browser_first_page_no_data","level":"error","logger":"app.scraper.browser_scraper","timestamp":"2026-03-16T03:38:28.584081Z"}
{"error":"Browser scraper got no data. Response: {}","exc_info":true,"event":"pipeline_failed","level":"error","logger":"app.scraper.pipeline","timestamp":"2026-03-16T03:38:28.692097Z"}
{"path":"/api/v1/scraper/trigger/historical","error":"Browser scraper got no data. Response: {}","exc_info":true,"event":"unhandled_exception","level":"error","logger":"app.main","timestamp":"2026-03-16T03:38:28.733083Z"}
{"response":"{}","event":"browser_first_page_no_data","level":"error","logger":"app.scraper.browser_scraper","timestamp":"2026-03-16T03:44:25.672501Z"}
{"error":"Browser scraper: no data from admin-ajax.php. Response: {}","exc_info":true,"event":"pipeline_failed","level":"error","logger":"app.scraper.pipeline","timestamp":"2026-03-16T03:44:25.860528Z"}
{"path":"/api/v1/scraper/trigger/historical","error":"Browser scraper: no data from admin-ajax.php. Response: {}","exc_info":true,"event":"unhandled_exception","level":"error","logger":"app.main","timestamp":"2026-03-16T03:44:25.900836Z"}
{"error":"","exc_info":true,"event":"pipeline_failed","level":"error","logger":"app.scraper.pipeline","timestamp":"2026-03-16T03:50:47.894976Z"}
{"path":"/api/v1/scraper/trigger/historical","error":"","exc_info":true,"event":"unhandled_exception","level":"error","logger":"app.main","timestamp":"2026-03-16T03:50:47.940016Z"}
